<?xml version="1.0" encoding="UTF-8"?>
<testng-results skipped="0" failed="0" ignored="0" total="1" passed="1">
  <reporter-output>
  </reporter-output>
  <suite name="Default suite" duration-ms="4983" started-at="2020-12-03T18:39:14 IST" finished-at="2020-12-03T18:39:19 IST">
    <groups>
    </groups>
    <test name="Default test" duration-ms="4983" started-at="2020-12-03T18:39:14 IST" finished-at="2020-12-03T18:39:19 IST">
      <class name="com.restapi.regression.PostAPI2Test">
        <test-method status="PASS" signature="postcreatevaliation()[pri:0, instance:com.restapi.regression.PostAPI2Test@3dd4520b]" name="postcreatevaliation" duration-ms="4916" started-at="2020-12-03T18:39:14 IST" finished-at="2020-12-03T18:39:19 IST">
          <reporter-output>
          </reporter-output>
        </test-method> <!-- postcreatevaliation -->
      </class> <!-- com.restapi.regression.PostAPI2Test -->
    </test> <!-- Default test -->
  </suite> <!-- Default suite -->
</testng-results>
